{"/Users/segun/Documents/Tasks/mock-premier-league-backend/src/app.ts": {"path":"/Users/segun/Documents/Tasks/mock-premier-league-backend/src/app.ts","statementMap":{"0":{"start":{"line":2,"column":12},"end":{"line":2,"column":21}},"1":{"start":{"line":10,"column":34},"end":{"line":12,"column":1}},"2":{"start":{"line":13,"column":0},"end":{"line":13,"column":23}},"3":{"start":{"line":14,"column":0},"end":{"line":14,"column":24}},"4":{"start":{"line":17,"column":0},"end":{"line":17,"column":52}},"5":{"start":{"line":19,"column":0},"end":{"line":19,"column":27}},"6":{"start":{"line":22,"column":0},"end":{"line":22,"column":34}},"7":{"start":{"line":23,"column":0},"end":{"line":23,"column":34}},"8":{"start":{"line":24,"column":0},"end":{"line":24,"column":40}},"9":{"start":{"line":27,"column":0},"end":{"line":35,"column":3}},"10":{"start":{"line":29,"column":2},"end":{"line":29,"column":35}},"11":{"start":{"line":30,"column":2},"end":{"line":30,"column":69}},"12":{"start":{"line":33,"column":2},"end":{"line":33,"column":32}},"13":{"start":{"line":34,"column":2},"end":{"line":34,"column":22}}},"fnMap":{"0":{"name":"(anonymous_0)","decl":{"start":{"line":27,"column":8},"end":{"line":27,"column":9}},"loc":{"start":{"line":27,"column":83},"end":{"line":35,"column":1}},"line":27}},"branchMap":{"0":{"loc":{"start":{"line":30,"column":21},"end":{"line":30,"column":68}},"type":"cond-expr","locations":[{"start":{"line":30,"column":60},"end":{"line":30,"column":63}},{"start":{"line":30,"column":66},"end":{"line":30,"column":68}}],"line":30},"1":{"loc":{"start":{"line":33,"column":13},"end":{"line":33,"column":30}},"type":"binary-expr","locations":[{"start":{"line":33,"column":13},"end":{"line":33,"column":23}},{"start":{"line":33,"column":27},"end":{"line":33,"column":30}}],"line":33}},"s":{"0":1,"1":1,"2":1,"3":1,"4":1,"5":1,"6":1,"7":1,"8":1,"9":1,"10":0,"11":0,"12":0,"13":0},"f":{"0":0},"b":{"0":[0,0],"1":[0,0]},"_coverageSchema":"1a1c01bbd47fc00a2c39e90264f33305004495a9","hash":"df4ead2519cecccbe4583959f0bc9abb07967216"}
,"/Users/segun/Documents/Tasks/mock-premier-league-backend/src/config/helper.ts": {"path":"/Users/segun/Documents/Tasks/mock-premier-league-backend/src/config/helper.ts","statementMap":{"0":{"start":{"line":3,"column":0},"end":{"line":3,"column":16}},"1":{"start":{"line":5,"column":33},"end":{"line":13,"column":1}},"2":{"start":{"line":6,"column":4},"end":{"line":12,"column":5}},"3":{"start":{"line":7,"column":31},"end":{"line":7,"column":53}},"4":{"start":{"line":8,"column":8},"end":{"line":8,"column":67}},"5":{"start":{"line":10,"column":8},"end":{"line":10,"column":29}},"6":{"start":{"line":11,"column":8},"end":{"line":11,"column":15}},"7":{"start":{"line":15,"column":38},"end":{"line":22,"column":1}},"8":{"start":{"line":16,"column":24},"end":{"line":16,"column":26}},"9":{"start":{"line":17,"column":4},"end":{"line":20,"column":5}},"10":{"start":{"line":17,"column":17},"end":{"line":17,"column":18}},"11":{"start":{"line":18,"column":20},"end":{"line":18,"column":28}},"12":{"start":{"line":19,"column":6},"end":{"line":19,"column":79}},"13":{"start":{"line":21,"column":4},"end":{"line":21,"column":29}},"14":{"start":{"line":24,"column":34},"end":{"line":39,"column":1}},"15":{"start":{"line":25,"column":40},"end":{"line":27,"column":22}},"16":{"start":{"line":28,"column":4},"end":{"line":28,"column":38}},"17":{"start":{"line":29,"column":21},"end":{"line":29,"column":23}},"18":{"start":{"line":30,"column":4},"end":{"line":37,"column":5}},"19":{"start":{"line":30,"column":17},"end":{"line":30,"column":18}},"20":{"start":{"line":31,"column":20},"end":{"line":31,"column":65}},"21":{"start":{"line":32,"column":8},"end":{"line":32,"column":40}},"22":{"start":{"line":33,"column":8},"end":{"line":33,"column":36}},"23":{"start":{"line":34,"column":8},"end":{"line":36,"column":9}},"24":{"start":{"line":35,"column":12},"end":{"line":35,"column":30}},"25":{"start":{"line":38,"column":4},"end":{"line":38,"column":22}}},"fnMap":{"0":{"name":"(anonymous_0)","decl":{"start":{"line":5,"column":33},"end":{"line":5,"column":34}},"loc":{"start":{"line":5,"column":69},"end":{"line":13,"column":1}},"line":5},"1":{"name":"(anonymous_1)","decl":{"start":{"line":15,"column":38},"end":{"line":15,"column":39}},"loc":{"start":{"line":15,"column":72},"end":{"line":22,"column":1}},"line":15},"2":{"name":"(anonymous_2)","decl":{"start":{"line":24,"column":34},"end":{"line":24,"column":35}},"loc":{"start":{"line":24,"column":63},"end":{"line":39,"column":1}},"line":24}},"branchMap":{"0":{"loc":{"start":{"line":24,"column":35},"end":{"line":24,"column":44}},"type":"default-arg","locations":[{"start":{"line":24,"column":42},"end":{"line":24,"column":44}}],"line":24},"1":{"loc":{"start":{"line":24,"column":46},"end":{"line":24,"column":58}},"type":"default-arg","locations":[{"start":{"line":24,"column":54},"end":{"line":24,"column":58}}],"line":24},"2":{"loc":{"start":{"line":25,"column":40},"end":{"line":27,"column":22}},"type":"cond-expr","locations":[{"start":{"line":26,"column":10},"end":{"line":26,"column":48}},{"start":{"line":27,"column":10},"end":{"line":27,"column":22}}],"line":25},"3":{"loc":{"start":{"line":34,"column":8},"end":{"line":36,"column":9}},"type":"if","locations":[{"start":{"line":34,"column":8},"end":{"line":36,"column":9}},{"start":{},"end":{}}],"line":34},"4":{"loc":{"start":{"line":34,"column":12},"end":{"line":34,"column":52}},"type":"binary-expr","locations":[{"start":{"line":34,"column":12},"end":{"line":34,"column":23}},{"start":{"line":34,"column":27},"end":{"line":34,"column":34}},{"start":{"line":34,"column":38},"end":{"line":34,"column":52}}],"line":34}},"s":{"0":1,"1":1,"2":2,"3":2,"4":2,"5":0,"6":0,"7":1,"8":0,"9":0,"10":0,"11":0,"12":0,"13":0,"14":1,"15":1,"16":1,"17":1,"18":1,"19":1,"20":22,"21":22,"22":22,"23":22,"24":4,"25":1},"f":{"0":2,"1":0,"2":1},"b":{"0":[1],"1":[1],"2":[1,0],"3":[4,18],"4":[22,6,5]},"_coverageSchema":"1a1c01bbd47fc00a2c39e90264f33305004495a9","hash":"78d697f6a60c7922d3ac5e07cc0d246119a13f2f"}
,"/Users/segun/Documents/Tasks/mock-premier-league-backend/src/config/redis.ts": {"path":"/Users/segun/Documents/Tasks/mock-premier-league-backend/src/config/redis.ts","statementMap":{"0":{"start":{"line":3,"column":0},"end":{"line":3,"column":16}},"1":{"start":{"line":13,"column":15},"end":{"line":13,"column":29}},"2":{"start":{"line":14,"column":0},"end":{"line":16,"column":5}},"3":{"start":{"line":15,"column":2},"end":{"line":15,"column":25}},"4":{"start":{"line":18,"column":0},"end":{"line":18,"column":70}},"5":{"start":{"line":18,"column":27},"end":{"line":18,"column":68}},"6":{"start":{"line":19,"column":0},"end":{"line":19,"column":72}},"7":{"start":{"line":19,"column":28},"end":{"line":19,"column":70}}},"fnMap":{"0":{"name":"(anonymous_0)","decl":{"start":{"line":14,"column":1},"end":{"line":14,"column":2}},"loc":{"start":{"line":14,"column":13},"end":{"line":16,"column":1}},"line":14},"1":{"name":"(anonymous_1)","decl":{"start":{"line":18,"column":21},"end":{"line":18,"column":22}},"loc":{"start":{"line":18,"column":27},"end":{"line":18,"column":68}},"line":18},"2":{"name":"(anonymous_2)","decl":{"start":{"line":19,"column":19},"end":{"line":19,"column":20}},"loc":{"start":{"line":19,"column":28},"end":{"line":19,"column":70}},"line":19}},"branchMap":{},"s":{"0":1,"1":1,"2":1,"3":1,"4":1,"5":1,"6":1,"7":0},"f":{"0":1,"1":1,"2":0},"b":{},"_coverageSchema":"1a1c01bbd47fc00a2c39e90264f33305004495a9","hash":"7c6d9736b8a9c9cb0c5dff195a047065ae3edd1e"}
,"/Users/segun/Documents/Tasks/mock-premier-league-backend/src/controllers/fixtureController.ts": {"path":"/Users/segun/Documents/Tasks/mock-premier-league-backend/src/controllers/fixtureController.ts","statementMap":{"0":{"start":{"line":9,"column":0},"end":{"line":9,"column":16}},"1":{"start":{"line":12,"column":26},"end":{"line":88,"column":1}},"2":{"start":{"line":13,"column":29},"end":{"line":13,"column":54}},"3":{"start":{"line":14,"column":4},"end":{"line":16,"column":5}},"4":{"start":{"line":15,"column":8},"end":{"line":15,"column":62}},"5":{"start":{"line":17,"column":4},"end":{"line":87,"column":5}},"6":{"start":{"line":18,"column":45},"end":{"line":18,"column":50}},"7":{"start":{"line":19,"column":29},"end":{"line":19,"column":39}},"8":{"start":{"line":20,"column":25},"end":{"line":20,"column":38}},"9":{"start":{"line":21,"column":24},"end":{"line":21,"column":35}},"10":{"start":{"line":22,"column":32},"end":{"line":22,"column":44}},"11":{"start":{"line":24,"column":32},"end":{"line":24,"column":65}},"12":{"start":{"line":25,"column":8},"end":{"line":83,"column":9}},"13":{"start":{"line":26,"column":34},"end":{"line":26,"column":88}},"14":{"start":{"line":27,"column":12},"end":{"line":33,"column":13}},"15":{"start":{"line":28,"column":16},"end":{"line":32,"column":19}},"16":{"start":{"line":35,"column":35},"end":{"line":35,"column":76}},"17":{"start":{"line":36,"column":35},"end":{"line":36,"column":76}},"18":{"start":{"line":37,"column":12},"end":{"line":37,"column":90}},"19":{"start":{"line":37,"column":33},"end":{"line":37,"column":90}},"20":{"start":{"line":38,"column":12},"end":{"line":38,"column":90}},"21":{"start":{"line":38,"column":33},"end":{"line":38,"column":90}},"22":{"start":{"line":41,"column":26},"end":{"line":41,"column":36}},"23":{"start":{"line":42,"column":33},"end":{"line":42,"column":57}},"24":{"start":{"line":43,"column":12},"end":{"line":43,"column":69}},"25":{"start":{"line":44,"column":12},"end":{"line":44,"column":107}},"26":{"start":{"line":44,"column":40},"end":{"line":44,"column":107}},"27":{"start":{"line":45,"column":25},"end":{"line":45,"column":36}},"28":{"start":{"line":46,"column":12},"end":{"line":48,"column":13}},"29":{"start":{"line":47,"column":16},"end":{"line":47,"column":35}},"30":{"start":{"line":51,"column":12},"end":{"line":51,"column":75}},"31":{"start":{"line":54,"column":28},"end":{"line":54,"column":62}},"32":{"start":{"line":55,"column":29},"end":{"line":55,"column":64}},"33":{"start":{"line":56,"column":22},"end":{"line":56,"column":42}},"34":{"start":{"line":58,"column":28},"end":{"line":58,"column":67}},"35":{"start":{"line":59,"column":12},"end":{"line":64,"column":13}},"36":{"start":{"line":60,"column":16},"end":{"line":63,"column":17}},"37":{"start":{"line":61,"column":20},"end":{"line":61,"column":47}},"38":{"start":{"line":62,"column":20},"end":{"line":62,"column":72}},"39":{"start":{"line":67,"column":28},"end":{"line":67,"column":110}},"40":{"start":{"line":68,"column":12},"end":{"line":68,"column":78}},"41":{"start":{"line":68,"column":26},"end":{"line":68,"column":78}},"42":{"start":{"line":69,"column":36},"end":{"line":69,"column":71}},"43":{"start":{"line":70,"column":23},"end":{"line":70,"column":45}},"44":{"start":{"line":72,"column":12},"end":{"line":72,"column":100}},"45":{"start":{"line":73,"column":12},"end":{"line":73,"column":70}},"46":{"start":{"line":74,"column":12},"end":{"line":74,"column":79}},"47":{"start":{"line":75,"column":12},"end":{"line":80,"column":15}},"48":{"start":{"line":82,"column":12},"end":{"line":82,"column":100}},"49":{"start":{"line":85,"column":8},"end":{"line":85,"column":27}},"50":{"start":{"line":86,"column":8},"end":{"line":86,"column":35}},"51":{"start":{"line":90,"column":30},"end":{"line":113,"column":1}},"52":{"start":{"line":91,"column":4},"end":{"line":112,"column":5}},"53":{"start":{"line":92,"column":25},"end":{"line":92,"column":38}},"54":{"start":{"line":93,"column":34},"end":{"line":93,"column":60}},"55":{"start":{"line":94,"column":8},"end":{"line":100,"column":9}},"56":{"start":{"line":95,"column":12},"end":{"line":99,"column":15}},"57":{"start":{"line":101,"column":25},"end":{"line":101,"column":47}},"58":{"start":{"line":102,"column":8},"end":{"line":102,"column":73}},"59":{"start":{"line":102,"column":23},"end":{"line":102,"column":73}},"60":{"start":{"line":103,"column":8},"end":{"line":103,"column":61}},"61":{"start":{"line":104,"column":8},"end":{"line":108,"column":11}},"62":{"start":{"line":110,"column":8},"end":{"line":110,"column":27}},"63":{"start":{"line":111,"column":8},"end":{"line":111,"column":35}},"64":{"start":{"line":115,"column":26},"end":{"line":150,"column":1}},"65":{"start":{"line":116,"column":4},"end":{"line":149,"column":5}},"66":{"start":{"line":117,"column":22},"end":{"line":117,"column":32}},"67":{"start":{"line":118,"column":8},"end":{"line":118,"column":74}},"68":{"start":{"line":118,"column":18},"end":{"line":118,"column":74}},"69":{"start":{"line":119,"column":25},"end":{"line":119,"column":38}},"70":{"start":{"line":120,"column":32},"end":{"line":120,"column":44}},"71":{"start":{"line":121,"column":24},"end":{"line":121,"column":35}},"72":{"start":{"line":122,"column":33},"end":{"line":122,"column":46}},"73":{"start":{"line":123,"column":34},"end":{"line":123,"column":73}},"74":{"start":{"line":124,"column":8},"end":{"line":131,"column":9}},"75":{"start":{"line":125,"column":39},"end":{"line":125,"column":85}},"76":{"start":{"line":126,"column":12},"end":{"line":130,"column":15}},"77":{"start":{"line":132,"column":24},"end":{"line":132,"column":54}},"78":{"start":{"line":133,"column":8},"end":{"line":133,"column":72}},"79":{"start":{"line":133,"column":22},"end":{"line":133,"column":72}},"80":{"start":{"line":134,"column":28},"end":{"line":134,"column":50}},"81":{"start":{"line":135,"column":26},"end":{"line":135,"column":48}},"82":{"start":{"line":136,"column":27},"end":{"line":136,"column":38}},"83":{"start":{"line":137,"column":8},"end":{"line":137,"column":89}},"84":{"start":{"line":138,"column":8},"end":{"line":138,"column":98}},"85":{"start":{"line":139,"column":8},"end":{"line":139,"column":104}},"86":{"start":{"line":140,"column":8},"end":{"line":140,"column":72}},"87":{"start":{"line":141,"column":8},"end":{"line":145,"column":11}},"88":{"start":{"line":147,"column":8},"end":{"line":147,"column":27}},"89":{"start":{"line":148,"column":8},"end":{"line":148,"column":35}},"90":{"start":{"line":152,"column":29},"end":{"line":181,"column":1}},"91":{"start":{"line":153,"column":27},"end":{"line":153,"column":58}},"92":{"start":{"line":154,"column":4},"end":{"line":156,"column":5}},"93":{"start":{"line":155,"column":8},"end":{"line":155,"column":62}},"94":{"start":{"line":157,"column":4},"end":{"line":180,"column":5}},"95":{"start":{"line":158,"column":22},"end":{"line":158,"column":32}},"96":{"start":{"line":159,"column":8},"end":{"line":159,"column":74}},"97":{"start":{"line":159,"column":18},"end":{"line":159,"column":74}},"98":{"start":{"line":160,"column":55},"end":{"line":160,"column":60}},"99":{"start":{"line":161,"column":25},"end":{"line":161,"column":38}},"100":{"start":{"line":162,"column":32},"end":{"line":162,"column":44}},"101":{"start":{"line":163,"column":33},"end":{"line":163,"column":46}},"102":{"start":{"line":164,"column":34},"end":{"line":164,"column":73}},"103":{"start":{"line":165,"column":8},"end":{"line":165,"column":82}},"104":{"start":{"line":165,"column":32},"end":{"line":165,"column":82}},"105":{"start":{"line":166,"column":35},"end":{"line":166,"column":81}},"106":{"start":{"line":167,"column":30},"end":{"line":167,"column":62}},"107":{"start":{"line":168,"column":24},"end":{"line":168,"column":118}},"108":{"start":{"line":169,"column":8},"end":{"line":169,"column":72}},"109":{"start":{"line":169,"column":22},"end":{"line":169,"column":72}},"110":{"start":{"line":170,"column":8},"end":{"line":170,"column":80}},"111":{"start":{"line":171,"column":8},"end":{"line":171,"column":43}},"112":{"start":{"line":172,"column":8},"end":{"line":176,"column":11}},"113":{"start":{"line":178,"column":8},"end":{"line":178,"column":27}},"114":{"start":{"line":179,"column":8},"end":{"line":179,"column":35}},"115":{"start":{"line":183,"column":29},"end":{"line":208,"column":1}},"116":{"start":{"line":184,"column":4},"end":{"line":207,"column":5}},"117":{"start":{"line":185,"column":22},"end":{"line":185,"column":32}},"118":{"start":{"line":186,"column":8},"end":{"line":186,"column":74}},"119":{"start":{"line":186,"column":18},"end":{"line":186,"column":74}},"120":{"start":{"line":187,"column":25},"end":{"line":187,"column":38}},"121":{"start":{"line":188,"column":32},"end":{"line":188,"column":44}},"122":{"start":{"line":189,"column":24},"end":{"line":189,"column":35}},"123":{"start":{"line":190,"column":33},"end":{"line":190,"column":46}},"124":{"start":{"line":191,"column":34},"end":{"line":191,"column":73}},"125":{"start":{"line":192,"column":8},"end":{"line":192,"column":82}},"126":{"start":{"line":192,"column":32},"end":{"line":192,"column":82}},"127":{"start":{"line":193,"column":24},"end":{"line":193,"column":63}},"128":{"start":{"line":194,"column":8},"end":{"line":194,"column":72}},"129":{"start":{"line":194,"column":22},"end":{"line":194,"column":72}},"130":{"start":{"line":195,"column":8},"end":{"line":195,"column":55}},"131":{"start":{"line":196,"column":8},"end":{"line":196,"column":48}},"132":{"start":{"line":197,"column":8},"end":{"line":197,"column":54}},"133":{"start":{"line":198,"column":8},"end":{"line":198,"column":43}},"134":{"start":{"line":199,"column":8},"end":{"line":203,"column":11}},"135":{"start":{"line":205,"column":8},"end":{"line":205,"column":27}},"136":{"start":{"line":206,"column":8},"end":{"line":206,"column":35}},"137":{"start":{"line":210,"column":35},"end":{"line":233,"column":1}},"138":{"start":{"line":211,"column":4},"end":{"line":232,"column":5}},"139":{"start":{"line":212,"column":25},"end":{"line":212,"column":43}},"140":{"start":{"line":213,"column":34},"end":{"line":213,"column":60}},"141":{"start":{"line":214,"column":8},"end":{"line":220,"column":9}},"142":{"start":{"line":215,"column":12},"end":{"line":219,"column":15}},"143":{"start":{"line":221,"column":25},"end":{"line":221,"column":68}},"144":{"start":{"line":222,"column":8},"end":{"line":222,"column":73}},"145":{"start":{"line":222,"column":23},"end":{"line":222,"column":73}},"146":{"start":{"line":223,"column":8},"end":{"line":223,"column":67}},"147":{"start":{"line":224,"column":8},"end":{"line":228,"column":11}},"148":{"start":{"line":230,"column":8},"end":{"line":230,"column":27}},"149":{"start":{"line":231,"column":8},"end":{"line":231,"column":35}},"150":{"start":{"line":235,"column":34},"end":{"line":263,"column":1}},"151":{"start":{"line":236,"column":4},"end":{"line":262,"column":5}},"152":{"start":{"line":237,"column":25},"end":{"line":237,"column":44}},"153":{"start":{"line":238,"column":26},"end":{"line":238,"column":43}},"154":{"start":{"line":239,"column":39},"end":{"line":239,"column":65}},"155":{"start":{"line":240,"column":40},"end":{"line":240,"column":67}},"156":{"start":{"line":241,"column":8},"end":{"line":248,"column":9}},"157":{"start":{"line":242,"column":12},"end":{"line":247,"column":15}},"158":{"start":{"line":249,"column":25},"end":{"line":249,"column":68}},"159":{"start":{"line":250,"column":32},"end":{"line":250,"column":73}},"160":{"start":{"line":251,"column":8},"end":{"line":251,"column":67}},"161":{"start":{"line":252,"column":8},"end":{"line":252,"column":75}},"162":{"start":{"line":253,"column":8},"end":{"line":258,"column":11}},"163":{"start":{"line":260,"column":8},"end":{"line":260,"column":27}},"164":{"start":{"line":261,"column":8},"end":{"line":261,"column":35}},"165":{"start":{"line":265,"column":30},"end":{"line":298,"column":1}},"166":{"start":{"line":266,"column":4},"end":{"line":297,"column":5}},"167":{"start":{"line":267,"column":33},"end":{"line":267,"column":46}},"168":{"start":{"line":268,"column":36},"end":{"line":268,"column":45}},"169":{"start":{"line":269,"column":34},"end":{"line":269,"column":68}},"170":{"start":{"line":270,"column":8},"end":{"line":281,"column":9}},"171":{"start":{"line":271,"column":32},"end":{"line":271,"column":61}},"172":{"start":{"line":272,"column":37},"end":{"line":275,"column":14}},"173":{"start":{"line":273,"column":16},"end":{"line":274,"column":86}},"174":{"start":{"line":276,"column":12},"end":{"line":280,"column":15}},"175":{"start":{"line":282,"column":25},"end":{"line":282,"column":47}},"176":{"start":{"line":283,"column":8},"end":{"line":283,"column":73}},"177":{"start":{"line":283,"column":23},"end":{"line":283,"column":73}},"178":{"start":{"line":284,"column":8},"end":{"line":284,"column":75}},"179":{"start":{"line":285,"column":33},"end":{"line":288,"column":10}},"180":{"start":{"line":286,"column":12},"end":{"line":287,"column":82}},"181":{"start":{"line":289,"column":8},"end":{"line":293,"column":11}},"182":{"start":{"line":295,"column":8},"end":{"line":295,"column":27}},"183":{"start":{"line":296,"column":8},"end":{"line":296,"column":35}}},"fnMap":{"0":{"name":"(anonymous_0)","decl":{"start":{"line":12,"column":26},"end":{"line":12,"column":27}},"loc":{"start":{"line":12,"column":85},"end":{"line":88,"column":1}},"line":12},"1":{"name":"(anonymous_1)","decl":{"start":{"line":90,"column":30},"end":{"line":90,"column":31}},"loc":{"start":{"line":90,"column":89},"end":{"line":113,"column":1}},"line":90},"2":{"name":"(anonymous_2)","decl":{"start":{"line":115,"column":26},"end":{"line":115,"column":27}},"loc":{"start":{"line":115,"column":85},"end":{"line":150,"column":1}},"line":115},"3":{"name":"(anonymous_3)","decl":{"start":{"line":152,"column":29},"end":{"line":152,"column":30}},"loc":{"start":{"line":152,"column":88},"end":{"line":181,"column":1}},"line":152},"4":{"name":"(anonymous_4)","decl":{"start":{"line":183,"column":29},"end":{"line":183,"column":30}},"loc":{"start":{"line":183,"column":88},"end":{"line":208,"column":1}},"line":183},"5":{"name":"(anonymous_5)","decl":{"start":{"line":210,"column":35},"end":{"line":210,"column":36}},"loc":{"start":{"line":210,"column":94},"end":{"line":233,"column":1}},"line":210},"6":{"name":"(anonymous_6)","decl":{"start":{"line":235,"column":34},"end":{"line":235,"column":35}},"loc":{"start":{"line":235,"column":93},"end":{"line":263,"column":1}},"line":235},"7":{"name":"(anonymous_7)","decl":{"start":{"line":265,"column":30},"end":{"line":265,"column":31}},"loc":{"start":{"line":265,"column":89},"end":{"line":298,"column":1}},"line":265},"8":{"name":"(anonymous_8)","decl":{"start":{"line":272,"column":56},"end":{"line":272,"column":57}},"loc":{"start":{"line":272,"column":74},"end":{"line":275,"column":13}},"line":272},"9":{"name":"(anonymous_9)","decl":{"start":{"line":285,"column":49},"end":{"line":285,"column":50}},"loc":{"start":{"line":285,"column":67},"end":{"line":288,"column":9}},"line":285}},"branchMap":{"0":{"loc":{"start":{"line":14,"column":4},"end":{"line":16,"column":5}},"type":"if","locations":[{"start":{"line":14,"column":4},"end":{"line":16,"column":5}},{"start":{},"end":{}}],"line":14},"1":{"loc":{"start":{"line":25,"column":8},"end":{"line":83,"column":9}},"type":"if","locations":[{"start":{"line":25,"column":8},"end":{"line":83,"column":9}},{"start":{"line":81,"column":15},"end":{"line":83,"column":9}}],"line":25},"2":{"loc":{"start":{"line":27,"column":12},"end":{"line":33,"column":13}},"type":"if","locations":[{"start":{"line":27,"column":12},"end":{"line":33,"column":13}},{"start":{},"end":{}}],"line":27},"3":{"loc":{"start":{"line":27,"column":16},"end":{"line":27,"column":148}},"type":"binary-expr","locations":[{"start":{"line":27,"column":16},"end":{"line":27,"column":29}},{"start":{"line":27,"column":33},"end":{"line":27,"column":81}},{"start":{"line":27,"column":85},"end":{"line":27,"column":98}},{"start":{"line":27,"column":102},"end":{"line":27,"column":148}}],"line":27},"4":{"loc":{"start":{"line":37,"column":12},"end":{"line":37,"column":90}},"type":"if","locations":[{"start":{"line":37,"column":12},"end":{"line":37,"column":90}},{"start":{},"end":{}}],"line":37},"5":{"loc":{"start":{"line":38,"column":12},"end":{"line":38,"column":90}},"type":"if","locations":[{"start":{"line":38,"column":12},"end":{"line":38,"column":90}},{"start":{},"end":{}}],"line":38},"6":{"loc":{"start":{"line":44,"column":12},"end":{"line":44,"column":107}},"type":"if","locations":[{"start":{"line":44,"column":12},"end":{"line":44,"column":107}},{"start":{},"end":{}}],"line":44},"7":{"loc":{"start":{"line":46,"column":12},"end":{"line":48,"column":13}},"type":"if","locations":[{"start":{"line":46,"column":12},"end":{"line":48,"column":13}},{"start":{},"end":{}}],"line":46},"8":{"loc":{"start":{"line":46,"column":16},"end":{"line":46,"column":54}},"type":"binary-expr","locations":[{"start":{"line":46,"column":16},"end":{"line":46,"column":28}},{"start":{"line":46,"column":32},"end":{"line":46,"column":54}}],"line":46},"9":{"loc":{"start":{"line":59,"column":12},"end":{"line":64,"column":13}},"type":"if","locations":[{"start":{"line":59,"column":12},"end":{"line":64,"column":13}},{"start":{},"end":{}}],"line":59},"10":{"loc":{"start":{"line":68,"column":12},"end":{"line":68,"column":78}},"type":"if","locations":[{"start":{"line":68,"column":12},"end":{"line":68,"column":78}},{"start":{},"end":{}}],"line":68},"11":{"loc":{"start":{"line":94,"column":8},"end":{"line":100,"column":9}},"type":"if","locations":[{"start":{"line":94,"column":8},"end":{"line":100,"column":9}},{"start":{},"end":{}}],"line":94},"12":{"loc":{"start":{"line":102,"column":8},"end":{"line":102,"column":73}},"type":"if","locations":[{"start":{"line":102,"column":8},"end":{"line":102,"column":73}},{"start":{},"end":{}}],"line":102},"13":{"loc":{"start":{"line":118,"column":8},"end":{"line":118,"column":74}},"type":"if","locations":[{"start":{"line":118,"column":8},"end":{"line":118,"column":74}},{"start":{},"end":{}}],"line":118},"14":{"loc":{"start":{"line":124,"column":8},"end":{"line":131,"column":9}},"type":"if","locations":[{"start":{"line":124,"column":8},"end":{"line":131,"column":9}},{"start":{},"end":{}}],"line":124},"15":{"loc":{"start":{"line":133,"column":8},"end":{"line":133,"column":72}},"type":"if","locations":[{"start":{"line":133,"column":8},"end":{"line":133,"column":72}},{"start":{},"end":{}}],"line":133},"16":{"loc":{"start":{"line":154,"column":4},"end":{"line":156,"column":5}},"type":"if","locations":[{"start":{"line":154,"column":4},"end":{"line":156,"column":5}},{"start":{},"end":{}}],"line":154},"17":{"loc":{"start":{"line":159,"column":8},"end":{"line":159,"column":74}},"type":"if","locations":[{"start":{"line":159,"column":8},"end":{"line":159,"column":74}},{"start":{},"end":{}}],"line":159},"18":{"loc":{"start":{"line":165,"column":8},"end":{"line":165,"column":82}},"type":"if","locations":[{"start":{"line":165,"column":8},"end":{"line":165,"column":82}},{"start":{},"end":{}}],"line":165},"19":{"loc":{"start":{"line":169,"column":8},"end":{"line":169,"column":72}},"type":"if","locations":[{"start":{"line":169,"column":8},"end":{"line":169,"column":72}},{"start":{},"end":{}}],"line":169},"20":{"loc":{"start":{"line":186,"column":8},"end":{"line":186,"column":74}},"type":"if","locations":[{"start":{"line":186,"column":8},"end":{"line":186,"column":74}},{"start":{},"end":{}}],"line":186},"21":{"loc":{"start":{"line":192,"column":8},"end":{"line":192,"column":82}},"type":"if","locations":[{"start":{"line":192,"column":8},"end":{"line":192,"column":82}},{"start":{},"end":{}}],"line":192},"22":{"loc":{"start":{"line":194,"column":8},"end":{"line":194,"column":72}},"type":"if","locations":[{"start":{"line":194,"column":8},"end":{"line":194,"column":72}},{"start":{},"end":{}}],"line":194},"23":{"loc":{"start":{"line":214,"column":8},"end":{"line":220,"column":9}},"type":"if","locations":[{"start":{"line":214,"column":8},"end":{"line":220,"column":9}},{"start":{},"end":{}}],"line":214},"24":{"loc":{"start":{"line":222,"column":8},"end":{"line":222,"column":73}},"type":"if","locations":[{"start":{"line":222,"column":8},"end":{"line":222,"column":73}},{"start":{},"end":{}}],"line":222},"25":{"loc":{"start":{"line":241,"column":8},"end":{"line":248,"column":9}},"type":"if","locations":[{"start":{"line":241,"column":8},"end":{"line":248,"column":9}},{"start":{},"end":{}}],"line":241},"26":{"loc":{"start":{"line":270,"column":8},"end":{"line":281,"column":9}},"type":"if","locations":[{"start":{"line":270,"column":8},"end":{"line":281,"column":9}},{"start":{},"end":{}}],"line":270},"27":{"loc":{"start":{"line":273,"column":23},"end":{"line":274,"column":85}},"type":"binary-expr","locations":[{"start":{"line":273,"column":23},"end":{"line":273,"column":88}},{"start":{"line":274,"column":20},"end":{"line":274,"column":85}}],"line":273},"28":{"loc":{"start":{"line":283,"column":8},"end":{"line":283,"column":73}},"type":"if","locations":[{"start":{"line":283,"column":8},"end":{"line":283,"column":73}},{"start":{},"end":{}}],"line":283},"29":{"loc":{"start":{"line":286,"column":19},"end":{"line":287,"column":81}},"type":"binary-expr","locations":[{"start":{"line":286,"column":19},"end":{"line":286,"column":84}},{"start":{"line":287,"column":16},"end":{"line":287,"column":81}}],"line":286}},"s":{"0":1,"1":1,"2":1,"3":1,"4":0,"5":1,"6":1,"7":1,"8":1,"9":1,"10":1,"11":1,"12":1,"13":1,"14":1,"15":0,"16":1,"17":1,"18":1,"19":0,"20":1,"21":0,"22":1,"23":1,"24":1,"25":1,"26":0,"27":1,"28":1,"29":0,"30":1,"31":1,"32":1,"33":1,"34":1,"35":1,"36":0,"37":0,"38":0,"39":1,"40":1,"41":0,"42":1,"43":1,"44":1,"45":1,"46":1,"47":1,"48":0,"49":0,"50":0,"51":1,"52":1,"53":1,"54":1,"55":1,"56":0,"57":1,"58":1,"59":0,"60":1,"61":1,"62":0,"63":0,"64":1,"65":1,"66":1,"67":1,"68":0,"69":1,"70":1,"71":1,"72":1,"73":1,"74":1,"75":1,"76":1,"77":0,"78":0,"79":0,"80":0,"81":0,"82":0,"83":0,"84":0,"85":0,"86":0,"87":0,"88":0,"89":0,"90":1,"91":1,"92":1,"93":0,"94":1,"95":1,"96":1,"97":0,"98":1,"99":1,"100":1,"101":1,"102":1,"103":1,"104":0,"105":1,"106":1,"107":1,"108":1,"109":0,"110":1,"111":1,"112":1,"113":0,"114":0,"115":1,"116":1,"117":1,"118":1,"119":0,"120":1,"121":1,"122":1,"123":1,"124":1,"125":1,"126":0,"127":1,"128":1,"129":0,"130":1,"131":1,"132":1,"133":1,"134":1,"135":0,"136":0,"137":1,"138":1,"139":1,"140":1,"141":1,"142":0,"143":1,"144":1,"145":0,"146":1,"147":1,"148":0,"149":0,"150":1,"151":1,"152":1,"153":1,"154":1,"155":1,"156":1,"157":0,"158":1,"159":1,"160":1,"161":1,"162":1,"163":0,"164":0,"165":1,"166":1,"167":1,"168":1,"169":1,"170":1,"171":0,"172":0,"173":0,"174":0,"175":1,"176":1,"177":0,"178":1,"179":1,"180":1,"181":1,"182":0,"183":0},"f":{"0":1,"1":1,"2":1,"3":1,"4":1,"5":1,"6":1,"7":1,"8":0,"9":1},"b":{"0":[0,1],"1":[1,0],"2":[0,1],"3":[1,0,1,0],"4":[0,1],"5":[0,1],"6":[0,1],"7":[0,1],"8":[1,0],"9":[0,1],"10":[0,1],"11":[0,1],"12":[0,1],"13":[0,1],"14":[1,0],"15":[0,0],"16":[0,1],"17":[0,1],"18":[0,1],"19":[0,1],"20":[0,1],"21":[0,1],"22":[0,1],"23":[0,1],"24":[0,1],"25":[0,1],"26":[0,1],"27":[0,0],"28":[0,1],"29":[1,0]},"_coverageSchema":"1a1c01bbd47fc00a2c39e90264f33305004495a9","hash":"289cadc73ee01b6d19630da78912e04e1ea8a6e9"}
,"/Users/segun/Documents/Tasks/mock-premier-league-backend/src/controllers/teamController.ts": {"path":"/Users/segun/Documents/Tasks/mock-premier-league-backend/src/controllers/teamController.ts","statementMap":{"0":{"start":{"line":8,"column":23},"end":{"line":58,"column":1}},"1":{"start":{"line":9,"column":29},"end":{"line":9,"column":51}},"2":{"start":{"line":10,"column":4},"end":{"line":12,"column":5}},"3":{"start":{"line":11,"column":6},"end":{"line":11,"column":60}},"4":{"start":{"line":13,"column":4},"end":{"line":57,"column":5}},"5":{"start":{"line":14,"column":62},"end":{"line":14,"column":67}},"6":{"start":{"line":15,"column":25},"end":{"line":15,"column":35}},"7":{"start":{"line":16,"column":24},"end":{"line":16,"column":32}},"8":{"start":{"line":17,"column":30},"end":{"line":17,"column":40}},"9":{"start":{"line":18,"column":31},"end":{"line":18,"column":64}},"10":{"start":{"line":20,"column":8},"end":{"line":36,"column":9}},"11":{"start":{"line":21,"column":12},"end":{"line":24,"column":14}},"12":{"start":{"line":26,"column":31},"end":{"line":26,"column":59}},"13":{"start":{"line":27,"column":12},"end":{"line":35,"column":13}},"14":{"start":{"line":28,"column":25},"end":{"line":28,"column":50}},"15":{"start":{"line":29,"column":16},"end":{"line":29,"column":89}},"16":{"start":{"line":30,"column":16},"end":{"line":30,"column":64}},"17":{"start":{"line":31,"column":16},"end":{"line":34,"column":18}},"18":{"start":{"line":37,"column":24},"end":{"line":43,"column":10}},"19":{"start":{"line":44,"column":25},"end":{"line":44,"column":42}},"20":{"start":{"line":45,"column":17},"end":{"line":45,"column":39}},"21":{"start":{"line":46,"column":8},"end":{"line":46,"column":67}},"22":{"start":{"line":47,"column":8},"end":{"line":47,"column":45}},"23":{"start":{"line":48,"column":8},"end":{"line":48,"column":66}},"24":{"start":{"line":49,"column":8},"end":{"line":53,"column":11}},"25":{"start":{"line":55,"column":8},"end":{"line":55,"column":27}},"26":{"start":{"line":56,"column":8},"end":{"line":56,"column":35}},"27":{"start":{"line":60,"column":27},"end":{"line":83,"column":1}},"28":{"start":{"line":61,"column":4},"end":{"line":82,"column":5}},"29":{"start":{"line":62,"column":25},"end":{"line":62,"column":35}},"30":{"start":{"line":63,"column":31},"end":{"line":63,"column":57}},"31":{"start":{"line":64,"column":8},"end":{"line":70,"column":9}},"32":{"start":{"line":65,"column":12},"end":{"line":69,"column":15}},"33":{"start":{"line":71,"column":22},"end":{"line":71,"column":39}},"34":{"start":{"line":72,"column":8},"end":{"line":72,"column":67}},"35":{"start":{"line":72,"column":20},"end":{"line":72,"column":67}},"36":{"start":{"line":73,"column":8},"end":{"line":73,"column":58}},"37":{"start":{"line":74,"column":8},"end":{"line":78,"column":11}},"38":{"start":{"line":80,"column":8},"end":{"line":80,"column":27}},"39":{"start":{"line":81,"column":8},"end":{"line":81,"column":35}},"40":{"start":{"line":85,"column":23},"end":{"line":114,"column":1}},"41":{"start":{"line":86,"column":4},"end":{"line":113,"column":5}},"42":{"start":{"line":87,"column":23},"end":{"line":87,"column":33}},"43":{"start":{"line":88,"column":8},"end":{"line":88,"column":81}},"44":{"start":{"line":88,"column":17},"end":{"line":88,"column":81}},"45":{"start":{"line":89,"column":25},"end":{"line":89,"column":35}},"46":{"start":{"line":90,"column":24},"end":{"line":90,"column":32}},"47":{"start":{"line":91,"column":31},"end":{"line":91,"column":61}},"48":{"start":{"line":92,"column":8},"end":{"line":99,"column":9}},"49":{"start":{"line":93,"column":40},"end":{"line":93,"column":83}},"50":{"start":{"line":94,"column":12},"end":{"line":98,"column":15}},"51":{"start":{"line":100,"column":21},"end":{"line":100,"column":44}},"52":{"start":{"line":101,"column":8},"end":{"line":101,"column":66}},"53":{"start":{"line":101,"column":19},"end":{"line":101,"column":66}},"54":{"start":{"line":102,"column":21},"end":{"line":102,"column":40}},"55":{"start":{"line":103,"column":8},"end":{"line":103,"column":54}},"56":{"start":{"line":104,"column":8},"end":{"line":104,"column":69}},"57":{"start":{"line":105,"column":8},"end":{"line":109,"column":11}},"58":{"start":{"line":111,"column":8},"end":{"line":111,"column":27}},"59":{"start":{"line":112,"column":8},"end":{"line":112,"column":35}},"60":{"start":{"line":116,"column":26},"end":{"line":177,"column":1}},"61":{"start":{"line":117,"column":27},"end":{"line":117,"column":55}},"62":{"start":{"line":118,"column":4},"end":{"line":120,"column":5}},"63":{"start":{"line":119,"column":8},"end":{"line":119,"column":62}},"64":{"start":{"line":121,"column":4},"end":{"line":176,"column":5}},"65":{"start":{"line":122,"column":21},"end":{"line":122,"column":31}},"66":{"start":{"line":123,"column":8},"end":{"line":123,"column":69}},"67":{"start":{"line":123,"column":17},"end":{"line":123,"column":69}},"68":{"start":{"line":124,"column":62},"end":{"line":124,"column":67}},"69":{"start":{"line":125,"column":25},"end":{"line":125,"column":35}},"70":{"start":{"line":126,"column":24},"end":{"line":126,"column":32}},"71":{"start":{"line":127,"column":30},"end":{"line":127,"column":40}},"72":{"start":{"line":128,"column":36},"end":{"line":128,"column":66}},"73":{"start":{"line":129,"column":8},"end":{"line":146,"column":9}},"74":{"start":{"line":130,"column":12},"end":{"line":130,"column":27}},"75":{"start":{"line":131,"column":38},"end":{"line":131,"column":81}},"76":{"start":{"line":132,"column":12},"end":{"line":132,"column":56}},"77":{"start":{"line":133,"column":12},"end":{"line":133,"column":38}},"78":{"start":{"line":134,"column":12},"end":{"line":134,"column":44}},"79":{"start":{"line":135,"column":12},"end":{"line":135,"column":44}},"80":{"start":{"line":136,"column":29},"end":{"line":136,"column":61}},"81":{"start":{"line":137,"column":12},"end":{"line":143,"column":13}},"82":{"start":{"line":138,"column":16},"end":{"line":142,"column":19}},"83":{"start":{"line":145,"column":12},"end":{"line":145,"column":59}},"84":{"start":{"line":147,"column":21},"end":{"line":157,"column":9}},"85":{"start":{"line":158,"column":8},"end":{"line":158,"column":66}},"86":{"start":{"line":158,"column":19},"end":{"line":158,"column":66}},"87":{"start":{"line":159,"column":8},"end":{"line":167,"column":9}},"88":{"start":{"line":160,"column":12},"end":{"line":160,"column":56}},"89":{"start":{"line":161,"column":12},"end":{"line":161,"column":73}},"90":{"start":{"line":162,"column":12},"end":{"line":162,"column":54}},"91":{"start":{"line":163,"column":12},"end":{"line":163,"column":44}},"92":{"start":{"line":165,"column":12},"end":{"line":165,"column":73}},"93":{"start":{"line":166,"column":12},"end":{"line":166,"column":44}},"94":{"start":{"line":168,"column":8},"end":{"line":172,"column":11}},"95":{"start":{"line":174,"column":8},"end":{"line":174,"column":27}},"96":{"start":{"line":175,"column":8},"end":{"line":175,"column":35}},"97":{"start":{"line":179,"column":26},"end":{"line":205,"column":1}},"98":{"start":{"line":180,"column":4},"end":{"line":204,"column":5}},"99":{"start":{"line":181,"column":21},"end":{"line":181,"column":31}},"100":{"start":{"line":182,"column":8},"end":{"line":182,"column":69}},"101":{"start":{"line":182,"column":17},"end":{"line":182,"column":69}},"102":{"start":{"line":183,"column":25},"end":{"line":183,"column":35}},"103":{"start":{"line":184,"column":24},"end":{"line":184,"column":32}},"104":{"start":{"line":185,"column":30},"end":{"line":185,"column":40}},"105":{"start":{"line":186,"column":36},"end":{"line":186,"column":66}},"106":{"start":{"line":187,"column":8},"end":{"line":193,"column":9}},"107":{"start":{"line":188,"column":12},"end":{"line":188,"column":56}},"108":{"start":{"line":189,"column":12},"end":{"line":189,"column":43}},"109":{"start":{"line":190,"column":12},"end":{"line":190,"column":44}},"110":{"start":{"line":192,"column":12},"end":{"line":192,"column":59}},"111":{"start":{"line":194,"column":21},"end":{"line":194,"column":53}},"112":{"start":{"line":195,"column":8},"end":{"line":195,"column":66}},"113":{"start":{"line":195,"column":19},"end":{"line":195,"column":66}},"114":{"start":{"line":196,"column":8},"end":{"line":200,"column":11}},"115":{"start":{"line":202,"column":8},"end":{"line":202,"column":27}},"116":{"start":{"line":203,"column":8},"end":{"line":203,"column":35}},"117":{"start":{"line":207,"column":27},"end":{"line":240,"column":1}},"118":{"start":{"line":208,"column":4},"end":{"line":239,"column":5}},"119":{"start":{"line":209,"column":34},"end":{"line":209,"column":43}},"120":{"start":{"line":210,"column":26},"end":{"line":210,"column":36}},"121":{"start":{"line":211,"column":24},"end":{"line":211,"column":32}},"122":{"start":{"line":212,"column":30},"end":{"line":212,"column":40}},"123":{"start":{"line":214,"column":31},"end":{"line":214,"column":62}},"124":{"start":{"line":215,"column":8},"end":{"line":215,"column":36}},"125":{"start":{"line":216,"column":8},"end":{"line":223,"column":10}},"126":{"start":{"line":217,"column":39},"end":{"line":217,"column":90}},"127":{"start":{"line":218,"column":11},"end":{"line":222,"column":14}},"128":{"start":{"line":224,"column":21},"end":{"line":224,"column":73}},"129":{"start":{"line":225,"column":8},"end":{"line":225,"column":66}},"130":{"start":{"line":225,"column":19},"end":{"line":225,"column":66}},"131":{"start":{"line":226,"column":25},"end":{"line":226,"column":42}},"132":{"start":{"line":227,"column":21},"end":{"line":227,"column":40}},"133":{"start":{"line":228,"column":9},"end":{"line":228,"column":55}},"134":{"start":{"line":229,"column":8},"end":{"line":229,"column":69}},"135":{"start":{"line":230,"column":8},"end":{"line":230,"column":66}},"136":{"start":{"line":231,"column":9},"end":{"line":235,"column":12}},"137":{"start":{"line":237,"column":8},"end":{"line":237,"column":27}},"138":{"start":{"line":238,"column":8},"end":{"line":238,"column":35}}},"fnMap":{"0":{"name":"(anonymous_0)","decl":{"start":{"line":8,"column":23},"end":{"line":8,"column":24}},"loc":{"start":{"line":8,"column":82},"end":{"line":58,"column":1}},"line":8},"1":{"name":"(anonymous_1)","decl":{"start":{"line":60,"column":27},"end":{"line":60,"column":28}},"loc":{"start":{"line":60,"column":86},"end":{"line":83,"column":1}},"line":60},"2":{"name":"(anonymous_2)","decl":{"start":{"line":85,"column":23},"end":{"line":85,"column":24}},"loc":{"start":{"line":85,"column":82},"end":{"line":114,"column":1}},"line":85},"3":{"name":"(anonymous_3)","decl":{"start":{"line":116,"column":26},"end":{"line":116,"column":27}},"loc":{"start":{"line":116,"column":85},"end":{"line":177,"column":1}},"line":116},"4":{"name":"(anonymous_4)","decl":{"start":{"line":179,"column":26},"end":{"line":179,"column":27}},"loc":{"start":{"line":179,"column":85},"end":{"line":205,"column":1}},"line":179},"5":{"name":"(anonymous_5)","decl":{"start":{"line":207,"column":27},"end":{"line":207,"column":28}},"loc":{"start":{"line":207,"column":86},"end":{"line":240,"column":1}},"line":207}},"branchMap":{"0":{"loc":{"start":{"line":10,"column":4},"end":{"line":12,"column":5}},"type":"if","locations":[{"start":{"line":10,"column":4},"end":{"line":12,"column":5}},{"start":{},"end":{}}],"line":10},"1":{"loc":{"start":{"line":20,"column":8},"end":{"line":36,"column":9}},"type":"if","locations":[{"start":{"line":20,"column":8},"end":{"line":36,"column":9}},{"start":{"line":25,"column":15},"end":{"line":36,"column":9}}],"line":20},"2":{"loc":{"start":{"line":27,"column":12},"end":{"line":35,"column":13}},"type":"if","locations":[{"start":{"line":27,"column":12},"end":{"line":35,"column":13}},{"start":{},"end":{}}],"line":27},"3":{"loc":{"start":{"line":64,"column":8},"end":{"line":70,"column":9}},"type":"if","locations":[{"start":{"line":64,"column":8},"end":{"line":70,"column":9}},{"start":{},"end":{}}],"line":64},"4":{"loc":{"start":{"line":72,"column":8},"end":{"line":72,"column":67}},"type":"if","locations":[{"start":{"line":72,"column":8},"end":{"line":72,"column":67}},{"start":{},"end":{}}],"line":72},"5":{"loc":{"start":{"line":88,"column":8},"end":{"line":88,"column":81}},"type":"if","locations":[{"start":{"line":88,"column":8},"end":{"line":88,"column":81}},{"start":{},"end":{}}],"line":88},"6":{"loc":{"start":{"line":92,"column":8},"end":{"line":99,"column":9}},"type":"if","locations":[{"start":{"line":92,"column":8},"end":{"line":99,"column":9}},{"start":{},"end":{}}],"line":92},"7":{"loc":{"start":{"line":101,"column":8},"end":{"line":101,"column":66}},"type":"if","locations":[{"start":{"line":101,"column":8},"end":{"line":101,"column":66}},{"start":{},"end":{}}],"line":101},"8":{"loc":{"start":{"line":118,"column":4},"end":{"line":120,"column":5}},"type":"if","locations":[{"start":{"line":118,"column":4},"end":{"line":120,"column":5}},{"start":{},"end":{}}],"line":118},"9":{"loc":{"start":{"line":123,"column":8},"end":{"line":123,"column":69}},"type":"if","locations":[{"start":{"line":123,"column":8},"end":{"line":123,"column":69}},{"start":{},"end":{}}],"line":123},"10":{"loc":{"start":{"line":129,"column":8},"end":{"line":146,"column":9}},"type":"if","locations":[{"start":{"line":129,"column":8},"end":{"line":146,"column":9}},{"start":{"line":144,"column":15},"end":{"line":146,"column":9}}],"line":129},"11":{"loc":{"start":{"line":137,"column":12},"end":{"line":143,"column":13}},"type":"if","locations":[{"start":{"line":137,"column":12},"end":{"line":143,"column":13}},{"start":{},"end":{}}],"line":137},"12":{"loc":{"start":{"line":158,"column":8},"end":{"line":158,"column":66}},"type":"if","locations":[{"start":{"line":158,"column":8},"end":{"line":158,"column":66}},{"start":{},"end":{}}],"line":158},"13":{"loc":{"start":{"line":159,"column":8},"end":{"line":167,"column":9}},"type":"if","locations":[{"start":{"line":159,"column":8},"end":{"line":167,"column":9}},{"start":{"line":164,"column":15},"end":{"line":167,"column":9}}],"line":159},"14":{"loc":{"start":{"line":182,"column":8},"end":{"line":182,"column":69}},"type":"if","locations":[{"start":{"line":182,"column":8},"end":{"line":182,"column":69}},{"start":{},"end":{}}],"line":182},"15":{"loc":{"start":{"line":187,"column":8},"end":{"line":193,"column":9}},"type":"if","locations":[{"start":{"line":187,"column":8},"end":{"line":193,"column":9}},{"start":{"line":191,"column":15},"end":{"line":193,"column":9}}],"line":187},"16":{"loc":{"start":{"line":195,"column":8},"end":{"line":195,"column":66}},"type":"if","locations":[{"start":{"line":195,"column":8},"end":{"line":195,"column":66}},{"start":{},"end":{}}],"line":195},"17":{"loc":{"start":{"line":216,"column":8},"end":{"line":223,"column":10}},"type":"if","locations":[{"start":{"line":216,"column":8},"end":{"line":223,"column":10}},{"start":{},"end":{}}],"line":216},"18":{"loc":{"start":{"line":225,"column":8},"end":{"line":225,"column":66}},"type":"if","locations":[{"start":{"line":225,"column":8},"end":{"line":225,"column":66}},{"start":{},"end":{}}],"line":225}},"s":{"0":1,"1":2,"2":2,"3":0,"4":2,"5":2,"6":2,"7":2,"8":2,"9":2,"10":2,"11":1,"12":1,"13":1,"14":0,"15":0,"16":0,"17":0,"18":1,"19":1,"20":1,"21":1,"22":1,"23":1,"24":1,"25":0,"26":0,"27":1,"28":1,"29":1,"30":1,"31":1,"32":1,"33":0,"34":0,"35":0,"36":0,"37":0,"38":0,"39":0,"40":1,"41":1,"42":1,"43":1,"44":0,"45":1,"46":1,"47":1,"48":1,"49":1,"50":1,"51":0,"52":0,"53":0,"54":0,"55":0,"56":0,"57":0,"58":0,"59":0,"60":1,"61":1,"62":1,"63":0,"64":1,"65":1,"66":1,"67":0,"68":1,"69":1,"70":1,"71":1,"72":1,"73":1,"74":1,"75":1,"76":1,"77":1,"78":1,"79":1,"80":1,"81":1,"82":0,"83":0,"84":1,"85":1,"86":0,"87":1,"88":0,"89":0,"90":0,"91":0,"92":1,"93":1,"94":1,"95":0,"96":0,"97":1,"98":1,"99":1,"100":1,"101":0,"102":1,"103":1,"104":1,"105":1,"106":1,"107":1,"108":1,"109":1,"110":0,"111":1,"112":1,"113":0,"114":1,"115":0,"116":0,"117":1,"118":1,"119":1,"120":1,"121":1,"122":1,"123":1,"124":1,"125":1,"126":0,"127":0,"128":1,"129":1,"130":0,"131":1,"132":1,"133":1,"134":1,"135":1,"136":1,"137":0,"138":0},"f":{"0":2,"1":1,"2":1,"3":1,"4":1,"5":1},"b":{"0":[0,2],"1":[1,1],"2":[0,1],"3":[1,0],"4":[0,0],"5":[0,1],"6":[1,0],"7":[0,0],"8":[0,1],"9":[0,1],"10":[1,0],"11":[0,1],"12":[0,1],"13":[0,1],"14":[0,1],"15":[1,0],"16":[0,1],"17":[0,1],"18":[0,1]},"_coverageSchema":"1a1c01bbd47fc00a2c39e90264f33305004495a9","hash":"d5936ab9f2e7f113ff231ec779acda87e90729c6"}
,"/Users/segun/Documents/Tasks/mock-premier-league-backend/src/controllers/userController.ts": {"path":"/Users/segun/Documents/Tasks/mock-premier-league-backend/src/controllers/userController.ts","statementMap":{"0":{"start":{"line":7,"column":22},"end":{"line":27,"column":1}},"1":{"start":{"line":8,"column":29},"end":{"line":8,"column":53}},"2":{"start":{"line":9,"column":4},"end":{"line":11,"column":5}},"3":{"start":{"line":10,"column":6},"end":{"line":10,"column":60}},"4":{"start":{"line":12,"column":4},"end":{"line":26,"column":5}},"5":{"start":{"line":13,"column":52},"end":{"line":13,"column":57}},"6":{"start":{"line":14,"column":21},"end":{"line":14,"column":50}},"7":{"start":{"line":15,"column":8},"end":{"line":15,"column":80}},"8":{"start":{"line":15,"column":18},"end":{"line":15,"column":80}},"9":{"start":{"line":16,"column":31},"end":{"line":16,"column":60}},"10":{"start":{"line":17,"column":27},"end":{"line":17,"column":97}},"11":{"start":{"line":18,"column":8},"end":{"line":22,"column":11}},"12":{"start":{"line":24,"column":8},"end":{"line":24,"column":27}},"13":{"start":{"line":25,"column":8},"end":{"line":25,"column":35}},"14":{"start":{"line":29,"column":22},"end":{"line":59,"column":1}},"15":{"start":{"line":30,"column":29},"end":{"line":30,"column":53}},"16":{"start":{"line":31,"column":4},"end":{"line":33,"column":5}},"17":{"start":{"line":32,"column":6},"end":{"line":32,"column":60}},"18":{"start":{"line":34,"column":4},"end":{"line":58,"column":5}},"19":{"start":{"line":35,"column":46},"end":{"line":35,"column":51}},"20":{"start":{"line":36,"column":8},"end":{"line":36,"column":101}},"21":{"start":{"line":36,"column":33},"end":{"line":36,"column":101}},"22":{"start":{"line":37,"column":47},"end":{"line":37,"column":121}},"23":{"start":{"line":38,"column":8},"end":{"line":38,"column":81}},"24":{"start":{"line":38,"column":19},"end":{"line":38,"column":81}},"25":{"start":{"line":39,"column":32},"end":{"line":39,"column":75}},"26":{"start":{"line":40,"column":8},"end":{"line":40,"column":89}},"27":{"start":{"line":40,"column":30},"end":{"line":40,"column":89}},"28":{"start":{"line":41,"column":24},"end":{"line":46,"column":9}},"29":{"start":{"line":47,"column":22},"end":{"line":47,"column":50}},"30":{"start":{"line":48,"column":8},"end":{"line":48,"column":34}},"31":{"start":{"line":49,"column":8},"end":{"line":54,"column":11}},"32":{"start":{"line":56,"column":8},"end":{"line":56,"column":27}},"33":{"start":{"line":57,"column":8},"end":{"line":57,"column":35}}},"fnMap":{"0":{"name":"(anonymous_0)","decl":{"start":{"line":7,"column":22},"end":{"line":7,"column":23}},"loc":{"start":{"line":7,"column":81},"end":{"line":27,"column":1}},"line":7},"1":{"name":"(anonymous_1)","decl":{"start":{"line":29,"column":22},"end":{"line":29,"column":23}},"loc":{"start":{"line":29,"column":81},"end":{"line":59,"column":1}},"line":29}},"branchMap":{"0":{"loc":{"start":{"line":9,"column":4},"end":{"line":11,"column":5}},"type":"if","locations":[{"start":{"line":9,"column":4},"end":{"line":11,"column":5}},{"start":{},"end":{}}],"line":9},"1":{"loc":{"start":{"line":15,"column":8},"end":{"line":15,"column":80}},"type":"if","locations":[{"start":{"line":15,"column":8},"end":{"line":15,"column":80}},{"start":{},"end":{}}],"line":15},"2":{"loc":{"start":{"line":31,"column":4},"end":{"line":33,"column":5}},"type":"if","locations":[{"start":{"line":31,"column":4},"end":{"line":33,"column":5}},{"start":{},"end":{}}],"line":31},"3":{"loc":{"start":{"line":36,"column":8},"end":{"line":36,"column":101}},"type":"if","locations":[{"start":{"line":36,"column":8},"end":{"line":36,"column":101}},{"start":{},"end":{}}],"line":36},"4":{"loc":{"start":{"line":36,"column":12},"end":{"line":36,"column":31}},"type":"binary-expr","locations":[{"start":{"line":36,"column":12},"end":{"line":36,"column":21}},{"start":{"line":36,"column":25},"end":{"line":36,"column":31}}],"line":36},"5":{"loc":{"start":{"line":37,"column":47},"end":{"line":37,"column":121}},"type":"cond-expr","locations":[{"start":{"line":37,"column":57},"end":{"line":37,"column":89}},{"start":{"line":37,"column":92},"end":{"line":37,"column":121}}],"line":37},"6":{"loc":{"start":{"line":38,"column":8},"end":{"line":38,"column":81}},"type":"if","locations":[{"start":{"line":38,"column":8},"end":{"line":38,"column":81}},{"start":{},"end":{}}],"line":38},"7":{"loc":{"start":{"line":40,"column":8},"end":{"line":40,"column":89}},"type":"if","locations":[{"start":{"line":40,"column":8},"end":{"line":40,"column":89}},{"start":{},"end":{}}],"line":40}},"s":{"0":1,"1":1,"2":1,"3":0,"4":1,"5":1,"6":1,"7":1,"8":0,"9":1,"10":1,"11":1,"12":0,"13":0,"14":1,"15":2,"16":2,"17":0,"18":2,"19":2,"20":2,"21":0,"22":2,"23":2,"24":0,"25":2,"26":2,"27":0,"28":2,"29":2,"30":2,"31":2,"32":0,"33":0},"f":{"0":1,"1":2},"b":{"0":[0,1],"1":[0,1],"2":[0,2],"3":[0,2],"4":[2,0],"5":[2,0],"6":[0,2],"7":[0,2]},"_coverageSchema":"1a1c01bbd47fc00a2c39e90264f33305004495a9","hash":"4de727d580dc17040a9703b9eba8f333861ce27b"}
,"/Users/segun/Documents/Tasks/mock-premier-league-backend/src/db/mongoMemoryServer.ts": {"path":"/Users/segun/Documents/Tasks/mock-premier-league-backend/src/db/mongoMemoryServer.ts","statementMap":{"0":{"start":{"line":10,"column":34},"end":{"line":13,"column":1}},"1":{"start":{"line":16,"column":25},"end":{"line":30,"column":1}},"2":{"start":{"line":18,"column":2},"end":{"line":18,"column":30}},"3":{"start":{"line":20,"column":2},"end":{"line":20,"column":49}},"4":{"start":{"line":22,"column":19},"end":{"line":22,"column":45}},"5":{"start":{"line":23,"column":2},"end":{"line":29,"column":5}},"6":{"start":{"line":24,"column":4},"end":{"line":28,"column":5}},"7":{"start":{"line":25,"column":6},"end":{"line":25,"column":25}},"8":{"start":{"line":27,"column":6},"end":{"line":27,"column":54}},"9":{"start":{"line":33,"column":28},"end":{"line":36,"column":1}},"10":{"start":{"line":34,"column":2},"end":{"line":34,"column":30}},"11":{"start":{"line":35,"column":2},"end":{"line":35,"column":27}},"12":{"start":{"line":38,"column":21},"end":{"line":44,"column":1}},"13":{"start":{"line":39,"column":27},"end":{"line":39,"column":58}},"14":{"start":{"line":41,"column":2},"end":{"line":43,"column":3}},"15":{"start":{"line":42,"column":4},"end":{"line":42,"column":40}}},"fnMap":{"0":{"name":"(anonymous_0)","decl":{"start":{"line":16,"column":25},"end":{"line":16,"column":26}},"loc":{"start":{"line":16,"column":37},"end":{"line":30,"column":1}},"line":16},"1":{"name":"(anonymous_1)","decl":{"start":{"line":23,"column":41},"end":{"line":23,"column":42}},"loc":{"start":{"line":23,"column":50},"end":{"line":29,"column":3}},"line":23},"2":{"name":"(anonymous_2)","decl":{"start":{"line":33,"column":28},"end":{"line":33,"column":29}},"loc":{"start":{"line":33,"column":40},"end":{"line":36,"column":1}},"line":33},"3":{"name":"(anonymous_3)","decl":{"start":{"line":38,"column":21},"end":{"line":38,"column":22}},"loc":{"start":{"line":38,"column":33},"end":{"line":44,"column":1}},"line":38}},"branchMap":{"0":{"loc":{"start":{"line":24,"column":4},"end":{"line":28,"column":5}},"type":"if","locations":[{"start":{"line":24,"column":4},"end":{"line":28,"column":5}},{"start":{"line":26,"column":11},"end":{"line":28,"column":5}}],"line":24}},"s":{"0":1,"1":1,"2":1,"3":1,"4":1,"5":1,"6":1,"7":0,"8":1,"9":1,"10":1,"11":0,"12":1,"13":0,"14":0,"15":0},"f":{"0":1,"1":1,"2":1,"3":0},"b":{"0":[0,1]},"_coverageSchema":"1a1c01bbd47fc00a2c39e90264f33305004495a9","hash":"779a035d15d789526c593ce0c84fce3e339a8dec"}
,"/Users/segun/Documents/Tasks/mock-premier-league-backend/src/middlewares/authentication.ts": {"path":"/Users/segun/Documents/Tasks/mock-premier-league-backend/src/middlewares/authentication.ts","statementMap":{"0":{"start":{"line":4,"column":0},"end":{"line":4,"column":16}},"1":{"start":{"line":8,"column":32},"end":{"line":51,"column":1}},"2":{"start":{"line":9,"column":4},"end":{"line":50,"column":5}},"3":{"start":{"line":10,"column":36},"end":{"line":10,"column":61}},"4":{"start":{"line":11,"column":31},"end":{"line":11,"column":53}},"5":{"start":{"line":12,"column":8},"end":{"line":47,"column":9}},"6":{"start":{"line":13,"column":26},"end":{"line":13,"column":59}},"7":{"start":{"line":14,"column":38},"end":{"line":14,"column":66}},"8":{"start":{"line":16,"column":28},"end":{"line":16,"column":34}},"9":{"start":{"line":17,"column":31},"end":{"line":17,"column":56}},"10":{"start":{"line":18,"column":12},"end":{"line":44,"column":13}},"11":{"start":{"line":19,"column":16},"end":{"line":31,"column":17}},"12":{"start":{"line":20,"column":20},"end":{"line":20,"column":54}},"13":{"start":{"line":21,"column":20},"end":{"line":21,"column":27}},"14":{"start":{"line":23,"column":33},"end":{"line":23,"column":88}},"15":{"start":{"line":24,"column":20},"end":{"line":30,"column":21}},"16":{"start":{"line":25,"column":24},"end":{"line":25,"column":125}},"17":{"start":{"line":27,"column":24},"end":{"line":27,"column":72}},"18":{"start":{"line":28,"column":24},"end":{"line":28,"column":40}},"19":{"start":{"line":29,"column":24},"end":{"line":29,"column":31}},"20":{"start":{"line":36,"column":29},"end":{"line":36,"column":84}},"21":{"start":{"line":37,"column":16},"end":{"line":43,"column":17}},"22":{"start":{"line":38,"column":20},"end":{"line":38,"column":121}},"23":{"start":{"line":40,"column":20},"end":{"line":40,"column":68}},"24":{"start":{"line":41,"column":20},"end":{"line":41,"column":36}},"25":{"start":{"line":42,"column":20},"end":{"line":42,"column":27}},"26":{"start":{"line":46,"column":12},"end":{"line":46,"column":90}},"27":{"start":{"line":49,"column":8},"end":{"line":49,"column":27}}},"fnMap":{"0":{"name":"(anonymous_0)","decl":{"start":{"line":8,"column":32},"end":{"line":8,"column":33}},"loc":{"start":{"line":8,"column":91},"end":{"line":51,"column":1}},"line":8}},"branchMap":{"0":{"loc":{"start":{"line":12,"column":8},"end":{"line":47,"column":9}},"type":"if","locations":[{"start":{"line":12,"column":8},"end":{"line":47,"column":9}},{"start":{"line":45,"column":15},"end":{"line":47,"column":9}}],"line":12},"1":{"loc":{"start":{"line":18,"column":12},"end":{"line":44,"column":13}},"type":"if","locations":[{"start":{"line":18,"column":12},"end":{"line":44,"column":13}},{"start":{"line":35,"column":19},"end":{"line":44,"column":13}}],"line":18},"2":{"loc":{"start":{"line":19,"column":16},"end":{"line":31,"column":17}},"type":"if","locations":[{"start":{"line":19,"column":16},"end":{"line":31,"column":17}},{"start":{"line":22,"column":23},"end":{"line":31,"column":17}}],"line":19},"3":{"loc":{"start":{"line":24,"column":20},"end":{"line":30,"column":21}},"type":"if","locations":[{"start":{"line":24,"column":20},"end":{"line":30,"column":21}},{"start":{"line":26,"column":27},"end":{"line":30,"column":21}}],"line":24},"4":{"loc":{"start":{"line":37,"column":16},"end":{"line":43,"column":17}},"type":"if","locations":[{"start":{"line":37,"column":16},"end":{"line":43,"column":17}},{"start":{"line":39,"column":23},"end":{"line":43,"column":17}}],"line":37}},"s":{"0":1,"1":1,"2":13,"3":13,"4":13,"5":13,"6":13,"7":13,"8":13,"9":13,"10":13,"11":13,"12":13,"13":13,"14":0,"15":0,"16":0,"17":0,"18":0,"19":0,"20":0,"21":0,"22":0,"23":0,"24":0,"25":0,"26":0,"27":0},"f":{"0":13},"b":{"0":[13,0],"1":[13,0],"2":[13,0],"3":[0,0],"4":[0,0]},"_coverageSchema":"1a1c01bbd47fc00a2c39e90264f33305004495a9","hash":"4d647dff70c5b9dbae2c95bac47d1ab588ebaebf"}
,"/Users/segun/Documents/Tasks/mock-premier-league-backend/src/middlewares/authorization.ts": {"path":"/Users/segun/Documents/Tasks/mock-premier-league-backend/src/middlewares/authorization.ts","statementMap":{"0":{"start":{"line":5,"column":0},"end":{"line":5,"column":16}},"1":{"start":{"line":7,"column":29},"end":{"line":18,"column":1}},"2":{"start":{"line":8,"column":4},"end":{"line":17,"column":5}},"3":{"start":{"line":9,"column":30},"end":{"line":9,"column":38}},"4":{"start":{"line":10,"column":8},"end":{"line":14,"column":9}},"5":{"start":{"line":11,"column":12},"end":{"line":11,"column":19}},"6":{"start":{"line":13,"column":12},"end":{"line":13,"column":109}},"7":{"start":{"line":16,"column":8},"end":{"line":16,"column":27}},"8":{"start":{"line":20,"column":25},"end":{"line":36,"column":1}},"9":{"start":{"line":21,"column":4},"end":{"line":35,"column":5}},"10":{"start":{"line":22,"column":24},"end":{"line":22,"column":34}},"11":{"start":{"line":23,"column":25},"end":{"line":23,"column":38}},"12":{"start":{"line":24,"column":32},"end":{"line":24,"column":44}},"13":{"start":{"line":25,"column":26},"end":{"line":25,"column":65}},"14":{"start":{"line":26,"column":8},"end":{"line":32,"column":9}},"15":{"start":{"line":27,"column":33},"end":{"line":27,"column":71}},"16":{"start":{"line":28,"column":13},"end":{"line":28,"column":50}},"17":{"start":{"line":29,"column":12},"end":{"line":29,"column":19}},"18":{"start":{"line":31,"column":12},"end":{"line":31,"column":72}},"19":{"start":{"line":34,"column":8},"end":{"line":34,"column":27}}},"fnMap":{"0":{"name":"(anonymous_0)","decl":{"start":{"line":7,"column":29},"end":{"line":7,"column":30}},"loc":{"start":{"line":7,"column":88},"end":{"line":18,"column":1}},"line":7},"1":{"name":"(anonymous_1)","decl":{"start":{"line":20,"column":25},"end":{"line":20,"column":26}},"loc":{"start":{"line":20,"column":84},"end":{"line":36,"column":1}},"line":20}},"branchMap":{"0":{"loc":{"start":{"line":10,"column":8},"end":{"line":14,"column":9}},"type":"if","locations":[{"start":{"line":10,"column":8},"end":{"line":14,"column":9}},{"start":{"line":12,"column":15},"end":{"line":14,"column":9}}],"line":10},"1":{"loc":{"start":{"line":26,"column":8},"end":{"line":32,"column":9}},"type":"if","locations":[{"start":{"line":26,"column":8},"end":{"line":32,"column":9}},{"start":{"line":30,"column":15},"end":{"line":32,"column":9}}],"line":26}},"s":{"0":1,"1":1,"2":11,"3":11,"4":11,"5":11,"6":0,"7":0,"8":1,"9":0,"10":0,"11":0,"12":0,"13":0,"14":0,"15":0,"16":0,"17":0,"18":0,"19":0},"f":{"0":11,"1":0},"b":{"0":[11,0],"1":[0,0]},"_coverageSchema":"1a1c01bbd47fc00a2c39e90264f33305004495a9","hash":"8ddca1341601dffef9949c43387063bde631f670"}
,"/Users/segun/Documents/Tasks/mock-premier-league-backend/src/middlewares/validation.ts": {"path":"/Users/segun/Documents/Tasks/mock-premier-league-backend/src/middlewares/validation.ts","statementMap":{"0":{"start":{"line":3,"column":30},"end":{"line":12,"column":1}},"1":{"start":{"line":4,"column":19},"end":{"line":9,"column":6}},"2":{"start":{"line":11,"column":4},"end":{"line":11,"column":33}},"3":{"start":{"line":14,"column":30},"end":{"line":22,"column":1}},"4":{"start":{"line":15,"column":19},"end":{"line":19,"column":6}},"5":{"start":{"line":21,"column":4},"end":{"line":21,"column":33}},"6":{"start":{"line":24,"column":28},"end":{"line":34,"column":1}},"7":{"start":{"line":25,"column":19},"end":{"line":31,"column":6}},"8":{"start":{"line":33,"column":4},"end":{"line":33,"column":33}},"9":{"start":{"line":35,"column":34},"end":{"line":45,"column":1}},"10":{"start":{"line":36,"column":19},"end":{"line":42,"column":6}},"11":{"start":{"line":44,"column":4},"end":{"line":44,"column":33}},"12":{"start":{"line":47,"column":31},"end":{"line":55,"column":1}},"13":{"start":{"line":48,"column":19},"end":{"line":52,"column":6}},"14":{"start":{"line":54,"column":4},"end":{"line":54,"column":36}},"15":{"start":{"line":57,"column":37},"end":{"line":66,"column":1}},"16":{"start":{"line":58,"column":19},"end":{"line":63,"column":6}},"17":{"start":{"line":65,"column":4},"end":{"line":65,"column":36}}},"fnMap":{"0":{"name":"(anonymous_0)","decl":{"start":{"line":3,"column":30},"end":{"line":3,"column":31}},"loc":{"start":{"line":3,"column":61},"end":{"line":12,"column":1}},"line":3},"1":{"name":"(anonymous_1)","decl":{"start":{"line":14,"column":30},"end":{"line":14,"column":31}},"loc":{"start":{"line":14,"column":61},"end":{"line":22,"column":1}},"line":14},"2":{"name":"(anonymous_2)","decl":{"start":{"line":24,"column":28},"end":{"line":24,"column":29}},"loc":{"start":{"line":24,"column":59},"end":{"line":34,"column":1}},"line":24},"3":{"name":"(anonymous_3)","decl":{"start":{"line":35,"column":34},"end":{"line":35,"column":35}},"loc":{"start":{"line":35,"column":65},"end":{"line":45,"column":1}},"line":35},"4":{"name":"(anonymous_4)","decl":{"start":{"line":47,"column":31},"end":{"line":47,"column":32}},"loc":{"start":{"line":47,"column":65},"end":{"line":55,"column":1}},"line":47},"5":{"name":"(anonymous_5)","decl":{"start":{"line":57,"column":37},"end":{"line":57,"column":38}},"loc":{"start":{"line":57,"column":71},"end":{"line":66,"column":1}},"line":57}},"branchMap":{},"s":{"0":1,"1":1,"2":1,"3":1,"4":2,"5":2,"6":1,"7":2,"8":2,"9":1,"10":1,"11":1,"12":1,"13":1,"14":1,"15":1,"16":1,"17":1},"f":{"0":1,"1":2,"2":2,"3":1,"4":1,"5":1},"b":{},"_coverageSchema":"1a1c01bbd47fc00a2c39e90264f33305004495a9","hash":"c14048d200c220e634accba3197f2f61ffca40f2"}
,"/Users/segun/Documents/Tasks/mock-premier-league-backend/src/models/fixture.ts": {"path":"/Users/segun/Documents/Tasks/mock-premier-league-backend/src/models/fixture.ts","statementMap":{"0":{"start":{"line":3,"column":22},"end":{"line":47,"column":1}}},"fnMap":{},"branchMap":{},"s":{"0":1},"f":{},"b":{},"_coverageSchema":"1a1c01bbd47fc00a2c39e90264f33305004495a9","hash":"1cfeeaa6603ec0a28c22131124728c2689d1c9c1"}
,"/Users/segun/Documents/Tasks/mock-premier-league-backend/src/models/team.ts": {"path":"/Users/segun/Documents/Tasks/mock-premier-league-backend/src/models/team.ts","statementMap":{"0":{"start":{"line":3,"column":19},"end":{"line":35,"column":1}}},"fnMap":{},"branchMap":{},"s":{"0":1},"f":{},"b":{},"_coverageSchema":"1a1c01bbd47fc00a2c39e90264f33305004495a9","hash":"81857a0e265d2a7ae3debd8d28c4c22d294711fa"}
,"/Users/segun/Documents/Tasks/mock-premier-league-backend/src/models/user.ts": {"path":"/Users/segun/Documents/Tasks/mock-premier-league-backend/src/models/user.ts","statementMap":{"0":{"start":{"line":4,"column":19},"end":{"line":31,"column":1}}},"fnMap":{},"branchMap":{},"s":{"0":1},"f":{},"b":{},"_coverageSchema":"1a1c01bbd47fc00a2c39e90264f33305004495a9","hash":"84cc6c88199d9c784049b2b0afde0716d1852428"}
,"/Users/segun/Documents/Tasks/mock-premier-league-backend/src/routes/fixtureRoutes.ts": {"path":"/Users/segun/Documents/Tasks/mock-premier-league-backend/src/routes/fixtureRoutes.ts","statementMap":{"0":{"start":{"line":2,"column":15},"end":{"line":2,"column":31}},"1":{"start":{"line":7,"column":0},"end":{"line":7,"column":72}},"2":{"start":{"line":8,"column":0},"end":{"line":8,"column":79}},"3":{"start":{"line":9,"column":0},"end":{"line":9,"column":76}},"4":{"start":{"line":10,"column":0},"end":{"line":10,"column":82}},"5":{"start":{"line":11,"column":0},"end":{"line":11,"column":85}},"6":{"start":{"line":13,"column":0},"end":{"line":13,"column":74}},"7":{"start":{"line":14,"column":0},"end":{"line":14,"column":72}},"8":{"start":{"line":16,"column":0},"end":{"line":16,"column":46}}},"fnMap":{},"branchMap":{},"s":{"0":1,"1":1,"2":1,"3":1,"4":1,"5":1,"6":1,"7":1,"8":1},"f":{},"b":{},"_coverageSchema":"1a1c01bbd47fc00a2c39e90264f33305004495a9","hash":"e7838755f86b6ee77f642dd41b9fc30a605437a3"}
,"/Users/segun/Documents/Tasks/mock-premier-league-backend/src/routes/teamRoutes.ts": {"path":"/Users/segun/Documents/Tasks/mock-premier-league-backend/src/routes/teamRoutes.ts","statementMap":{"0":{"start":{"line":2,"column":15},"end":{"line":2,"column":31}},"1":{"start":{"line":7,"column":0},"end":{"line":7,"column":66}},"2":{"start":{"line":9,"column":0},"end":{"line":9,"column":73}},"3":{"start":{"line":10,"column":0},"end":{"line":10,"column":69}},"4":{"start":{"line":12,"column":0},"end":{"line":12,"column":75}},"5":{"start":{"line":13,"column":0},"end":{"line":13,"column":78}},"6":{"start":{"line":15,"column":0},"end":{"line":15,"column":40}}},"fnMap":{},"branchMap":{},"s":{"0":1,"1":1,"2":1,"3":1,"4":1,"5":1,"6":1},"f":{},"b":{},"_coverageSchema":"1a1c01bbd47fc00a2c39e90264f33305004495a9","hash":"fe43cc8172e2d66af95cc4748569effecc3fcf94"}
,"/Users/segun/Documents/Tasks/mock-premier-league-backend/src/routes/userRoutes.ts": {"path":"/Users/segun/Documents/Tasks/mock-premier-league-backend/src/routes/userRoutes.ts","statementMap":{"0":{"start":{"line":2,"column":15},"end":{"line":2,"column":31}},"1":{"start":{"line":5,"column":0},"end":{"line":5,"column":31}},"2":{"start":{"line":6,"column":0},"end":{"line":6,"column":31}}},"fnMap":{},"branchMap":{},"s":{"0":1,"1":1,"2":1},"f":{},"b":{},"_coverageSchema":"1a1c01bbd47fc00a2c39e90264f33305004495a9","hash":"804e95cd016535f6ef304823f3daf54fa12c7653"}
}
