TN:
SF:src/app.ts
FN:27,(anonymous_0)
FNF:1
FNH:0
FNDA:0,(anonymous_0)
DA:2,1
DA:10,1
DA:13,1
DA:14,1
DA:17,1
DA:19,1
DA:22,1
DA:23,1
DA:24,1
DA:27,1
DA:29,0
DA:30,0
DA:33,0
DA:34,0
LF:14
LH:10
BRDA:30,0,0,0
BRDA:30,0,1,0
BRDA:33,1,0,0
BRDA:33,1,1,0
BRF:4
BRH:0
end_of_record
TN:
SF:src/config/helper.ts
FN:5,(anonymous_0)
FN:15,(anonymous_1)
FN:24,(anonymous_2)
FNF:3
FNH:2
FNDA:2,(anonymous_0)
FNDA:0,(anonymous_1)
FNDA:1,(anonymous_2)
DA:3,1
DA:5,1
DA:6,2
DA:7,2
DA:8,2
DA:10,0
DA:11,0
DA:15,1
DA:16,0
DA:17,0
DA:18,0
DA:19,0
DA:21,0
DA:24,1
DA:25,1
DA:28,1
DA:29,1
DA:30,1
DA:31,22
DA:32,22
DA:33,22
DA:34,22
DA:35,4
DA:38,1
LF:24
LH:17
BRDA:24,0,0,1
BRDA:24,1,0,1
BRDA:25,2,0,1
BRDA:25,2,1,0
BRDA:34,3,0,4
BRDA:34,3,1,18
BRDA:34,4,0,22
BRDA:34,4,1,6
BRDA:34,4,2,5
BRF:9
BRH:8
end_of_record
TN:
SF:src/config/redis.ts
FN:14,(anonymous_0)
FN:18,(anonymous_1)
FN:19,(anonymous_2)
FNF:3
FNH:2
FNDA:1,(anonymous_0)
FNDA:1,(anonymous_1)
FNDA:0,(anonymous_2)
DA:3,1
DA:13,1
DA:14,1
DA:15,1
DA:18,1
DA:19,1
LF:6
LH:6
BRF:0
BRH:0
end_of_record
TN:
SF:src/controllers/fixtureController.ts
FN:12,(anonymous_0)
FN:90,(anonymous_1)
FN:115,(anonymous_2)
FN:152,(anonymous_3)
FN:183,(anonymous_4)
FN:210,(anonymous_5)
FN:235,(anonymous_6)
FN:265,(anonymous_7)
FN:272,(anonymous_8)
FN:285,(anonymous_9)
FNF:10
FNH:9
FNDA:1,(anonymous_0)
FNDA:1,(anonymous_1)
FNDA:1,(anonymous_2)
FNDA:1,(anonymous_3)
FNDA:1,(anonymous_4)
FNDA:1,(anonymous_5)
FNDA:1,(anonymous_6)
FNDA:1,(anonymous_7)
FNDA:0,(anonymous_8)
FNDA:1,(anonymous_9)
DA:9,1
DA:12,1
DA:13,1
DA:14,1
DA:15,0
DA:17,1
DA:18,1
DA:19,1
DA:20,1
DA:21,1
DA:22,1
DA:24,1
DA:25,1
DA:26,1
DA:27,1
DA:28,0
DA:35,1
DA:36,1
DA:37,1
DA:38,1
DA:41,1
DA:42,1
DA:43,1
DA:44,1
DA:45,1
DA:46,1
DA:47,0
DA:51,1
DA:54,1
DA:55,1
DA:56,1
DA:58,1
DA:59,1
DA:60,0
DA:61,0
DA:62,0
DA:67,1
DA:68,1
DA:69,1
DA:70,1
DA:72,1
DA:73,1
DA:74,1
DA:75,1
DA:82,0
DA:85,0
DA:86,0
DA:90,1
DA:91,1
DA:92,1
DA:93,1
DA:94,1
DA:95,0
DA:101,1
DA:102,1
DA:103,1
DA:104,1
DA:110,0
DA:111,0
DA:115,1
DA:116,1
DA:117,1
DA:118,1
DA:119,1
DA:120,1
DA:121,1
DA:122,1
DA:123,1
DA:124,1
DA:125,1
DA:126,1
DA:132,0
DA:133,0
DA:134,0
DA:135,0
DA:136,0
DA:137,0
DA:138,0
DA:139,0
DA:140,0
DA:141,0
DA:147,0
DA:148,0
DA:152,1
DA:153,1
DA:154,1
DA:155,0
DA:157,1
DA:158,1
DA:159,1
DA:160,1
DA:161,1
DA:162,1
DA:163,1
DA:164,1
DA:165,1
DA:166,1
DA:167,1
DA:168,1
DA:169,1
DA:170,1
DA:171,1
DA:172,1
DA:178,0
DA:179,0
DA:183,1
DA:184,1
DA:185,1
DA:186,1
DA:187,1
DA:188,1
DA:189,1
DA:190,1
DA:191,1
DA:192,1
DA:193,1
DA:194,1
DA:195,1
DA:196,1
DA:197,1
DA:198,1
DA:199,1
DA:205,0
DA:206,0
DA:210,1
DA:211,1
DA:212,1
DA:213,1
DA:214,1
DA:215,0
DA:221,1
DA:222,1
DA:223,1
DA:224,1
DA:230,0
DA:231,0
DA:235,1
DA:236,1
DA:237,1
DA:238,1
DA:239,1
DA:240,1
DA:241,1
DA:242,0
DA:249,1
DA:250,1
DA:251,1
DA:252,1
DA:253,1
DA:260,0
DA:261,0
DA:265,1
DA:266,1
DA:267,1
DA:268,1
DA:269,1
DA:270,1
DA:271,0
DA:272,0
DA:273,0
DA:276,0
DA:282,1
DA:283,1
DA:284,1
DA:285,1
DA:286,1
DA:289,1
DA:295,0
DA:296,0
LF:169
LH:128
BRDA:14,0,0,0
BRDA:14,0,1,1
BRDA:25,1,0,1
BRDA:25,1,1,0
BRDA:27,2,0,0
BRDA:27,2,1,1
BRDA:27,3,0,1
BRDA:27,3,1,0
BRDA:27,3,2,1
BRDA:27,3,3,0
BRDA:37,4,0,0
BRDA:37,4,1,1
BRDA:38,5,0,0
BRDA:38,5,1,1
BRDA:44,6,0,0
BRDA:44,6,1,1
BRDA:46,7,0,0
BRDA:46,7,1,1
BRDA:46,8,0,1
BRDA:46,8,1,0
BRDA:59,9,0,0
BRDA:59,9,1,1
BRDA:68,10,0,0
BRDA:68,10,1,1
BRDA:94,11,0,0
BRDA:94,11,1,1
BRDA:102,12,0,0
BRDA:102,12,1,1
BRDA:118,13,0,0
BRDA:118,13,1,1
BRDA:124,14,0,1
BRDA:124,14,1,0
BRDA:133,15,0,0
BRDA:133,15,1,0
BRDA:154,16,0,0
BRDA:154,16,1,1
BRDA:159,17,0,0
BRDA:159,17,1,1
BRDA:165,18,0,0
BRDA:165,18,1,1
BRDA:169,19,0,0
BRDA:169,19,1,1
BRDA:186,20,0,0
BRDA:186,20,1,1
BRDA:192,21,0,0
BRDA:192,21,1,1
BRDA:194,22,0,0
BRDA:194,22,1,1
BRDA:214,23,0,0
BRDA:214,23,1,1
BRDA:222,24,0,0
BRDA:222,24,1,1
BRDA:241,25,0,0
BRDA:241,25,1,1
BRDA:270,26,0,0
BRDA:270,26,1,1
BRDA:273,27,0,0
BRDA:273,27,1,0
BRDA:283,28,0,0
BRDA:283,28,1,1
BRDA:286,29,0,1
BRDA:286,29,1,0
BRF:62
BRH:29
end_of_record
TN:
SF:src/controllers/teamController.ts
FN:8,(anonymous_0)
FN:60,(anonymous_1)
FN:85,(anonymous_2)
FN:116,(anonymous_3)
FN:179,(anonymous_4)
FN:207,(anonymous_5)
FNF:6
FNH:6
FNDA:2,(anonymous_0)
FNDA:1,(anonymous_1)
FNDA:1,(anonymous_2)
FNDA:1,(anonymous_3)
FNDA:1,(anonymous_4)
FNDA:1,(anonymous_5)
DA:8,1
DA:9,2
DA:10,2
DA:11,0
DA:13,2
DA:14,2
DA:15,2
DA:16,2
DA:17,2
DA:18,2
DA:20,2
DA:21,1
DA:26,1
DA:27,1
DA:28,0
DA:29,0
DA:30,0
DA:31,0
DA:37,1
DA:44,1
DA:45,1
DA:46,1
DA:47,1
DA:48,1
DA:49,1
DA:55,0
DA:56,0
DA:60,1
DA:61,1
DA:62,1
DA:63,1
DA:64,1
DA:65,1
DA:71,0
DA:72,0
DA:73,0
DA:74,0
DA:80,0
DA:81,0
DA:85,1
DA:86,1
DA:87,1
DA:88,1
DA:89,1
DA:90,1
DA:91,1
DA:92,1
DA:93,1
DA:94,1
DA:100,0
DA:101,0
DA:102,0
DA:103,0
DA:104,0
DA:105,0
DA:111,0
DA:112,0
DA:116,1
DA:117,1
DA:118,1
DA:119,0
DA:121,1
DA:122,1
DA:123,1
DA:124,1
DA:125,1
DA:126,1
DA:127,1
DA:128,1
DA:129,1
DA:130,1
DA:131,1
DA:132,1
DA:133,1
DA:134,1
DA:135,1
DA:136,1
DA:137,1
DA:138,0
DA:145,0
DA:147,1
DA:158,1
DA:159,1
DA:160,0
DA:161,0
DA:162,0
DA:163,0
DA:165,1
DA:166,1
DA:168,1
DA:174,0
DA:175,0
DA:179,1
DA:180,1
DA:181,1
DA:182,1
DA:183,1
DA:184,1
DA:185,1
DA:186,1
DA:187,1
DA:188,1
DA:189,1
DA:190,1
DA:192,0
DA:194,1
DA:195,1
DA:196,1
DA:202,0
DA:203,0
DA:207,1
DA:208,1
DA:209,1
DA:210,1
DA:211,1
DA:212,1
DA:214,1
DA:215,1
DA:216,1
DA:217,0
DA:218,0
DA:224,1
DA:225,1
DA:226,1
DA:227,1
DA:228,1
DA:229,1
DA:230,1
DA:231,1
DA:237,0
DA:238,0
LF:131
LH:94
BRDA:10,0,0,0
BRDA:10,0,1,2
BRDA:20,1,0,1
BRDA:20,1,1,1
BRDA:27,2,0,0
BRDA:27,2,1,1
BRDA:64,3,0,1
BRDA:64,3,1,0
BRDA:72,4,0,0
BRDA:72,4,1,0
BRDA:88,5,0,0
BRDA:88,5,1,1
BRDA:92,6,0,1
BRDA:92,6,1,0
BRDA:101,7,0,0
BRDA:101,7,1,0
BRDA:118,8,0,0
BRDA:118,8,1,1
BRDA:123,9,0,0
BRDA:123,9,1,1
BRDA:129,10,0,1
BRDA:129,10,1,0
BRDA:137,11,0,0
BRDA:137,11,1,1
BRDA:158,12,0,0
BRDA:158,12,1,1
BRDA:159,13,0,0
BRDA:159,13,1,1
BRDA:182,14,0,0
BRDA:182,14,1,1
BRDA:187,15,0,1
BRDA:187,15,1,0
BRDA:195,16,0,0
BRDA:195,16,1,1
BRDA:216,17,0,0
BRDA:216,17,1,1
BRDA:225,18,0,0
BRDA:225,18,1,1
BRF:38
BRH:18
end_of_record
TN:
SF:src/controllers/userController.ts
FN:7,(anonymous_0)
FN:29,(anonymous_1)
FNF:2
FNH:2
FNDA:1,(anonymous_0)
FNDA:2,(anonymous_1)
DA:7,1
DA:8,1
DA:9,1
DA:10,0
DA:12,1
DA:13,1
DA:14,1
DA:15,1
DA:16,1
DA:17,1
DA:18,1
DA:24,0
DA:25,0
DA:29,1
DA:30,2
DA:31,2
DA:32,0
DA:34,2
DA:35,2
DA:36,2
DA:37,2
DA:38,2
DA:39,2
DA:40,2
DA:41,2
DA:47,2
DA:48,2
DA:49,2
DA:56,0
DA:57,0
LF:30
LH:24
BRDA:9,0,0,0
BRDA:9,0,1,1
BRDA:15,1,0,0
BRDA:15,1,1,1
BRDA:31,2,0,0
BRDA:31,2,1,2
BRDA:36,3,0,0
BRDA:36,3,1,2
BRDA:36,4,0,2
BRDA:36,4,1,0
BRDA:37,5,0,2
BRDA:37,5,1,0
BRDA:38,6,0,0
BRDA:38,6,1,2
BRDA:40,7,0,0
BRDA:40,7,1,2
BRF:16
BRH:8
end_of_record
TN:
SF:src/db/mongoMemoryServer.ts
FN:16,(anonymous_0)
FN:23,(anonymous_1)
FN:33,(anonymous_2)
FN:38,(anonymous_3)
FNF:4
FNH:3
FNDA:1,(anonymous_0)
FNDA:1,(anonymous_1)
FNDA:1,(anonymous_2)
FNDA:0,(anonymous_3)
DA:10,1
DA:16,1
DA:18,1
DA:20,1
DA:22,1
DA:23,1
DA:24,1
DA:25,0
DA:27,1
DA:33,1
DA:34,1
DA:35,0
DA:38,1
DA:39,0
DA:41,0
DA:42,0
LF:16
LH:11
BRDA:24,0,0,0
BRDA:24,0,1,1
BRF:2
BRH:1
end_of_record
TN:
SF:src/middlewares/authentication.ts
FN:8,(anonymous_0)
FNF:1
FNH:1
FNDA:13,(anonymous_0)
DA:4,1
DA:8,1
DA:9,13
DA:10,13
DA:11,13
DA:12,13
DA:13,13
DA:14,13
DA:16,13
DA:17,13
DA:18,13
DA:19,13
DA:20,13
DA:21,13
DA:23,0
DA:24,0
DA:25,0
DA:27,0
DA:28,0
DA:29,0
DA:36,0
DA:37,0
DA:38,0
DA:40,0
DA:41,0
DA:42,0
DA:46,0
DA:49,0
LF:28
LH:14
BRDA:12,0,0,13
BRDA:12,0,1,0
BRDA:18,1,0,13
BRDA:18,1,1,0
BRDA:19,2,0,13
BRDA:19,2,1,0
BRDA:24,3,0,0
BRDA:24,3,1,0
BRDA:37,4,0,0
BRDA:37,4,1,0
BRF:10
BRH:3
end_of_record
TN:
SF:src/middlewares/authorization.ts
FN:7,(anonymous_0)
FN:20,(anonymous_1)
FNF:2
FNH:1
FNDA:11,(anonymous_0)
FNDA:0,(anonymous_1)
DA:5,1
DA:7,1
DA:8,11
DA:9,11
DA:10,11
DA:11,11
DA:13,0
DA:16,0
DA:20,1
DA:21,0
DA:22,0
DA:23,0
DA:24,0
DA:25,0
DA:26,0
DA:27,0
DA:28,0
DA:29,0
DA:31,0
DA:34,0
LF:20
LH:7
BRDA:10,0,0,11
BRDA:10,0,1,0
BRDA:26,1,0,0
BRDA:26,1,1,0
BRF:4
BRH:1
end_of_record
TN:
SF:src/middlewares/validation.ts
FN:3,(anonymous_0)
FN:14,(anonymous_1)
FN:24,(anonymous_2)
FN:35,(anonymous_3)
FN:47,(anonymous_4)
FN:57,(anonymous_5)
FNF:6
FNH:6
FNDA:1,(anonymous_0)
FNDA:2,(anonymous_1)
FNDA:2,(anonymous_2)
FNDA:1,(anonymous_3)
FNDA:1,(anonymous_4)
FNDA:1,(anonymous_5)
DA:3,1
DA:4,1
DA:11,1
DA:14,1
DA:15,2
DA:21,2
DA:24,1
DA:25,2
DA:33,2
DA:35,1
DA:36,1
DA:44,1
DA:47,1
DA:48,1
DA:54,1
DA:57,1
DA:58,1
DA:65,1
LF:18
LH:18
BRF:0
BRH:0
end_of_record
TN:
SF:src/models/fixture.ts
FNF:0
FNH:0
DA:3,1
LF:1
LH:1
BRF:0
BRH:0
end_of_record
TN:
SF:src/models/team.ts
FNF:0
FNH:0
DA:3,1
LF:1
LH:1
BRF:0
BRH:0
end_of_record
TN:
SF:src/models/user.ts
FNF:0
FNH:0
DA:4,1
LF:1
LH:1
BRF:0
BRH:0
end_of_record
TN:
SF:src/routes/fixtureRoutes.ts
FNF:0
FNH:0
DA:2,1
DA:7,1
DA:8,1
DA:9,1
DA:10,1
DA:11,1
DA:13,1
DA:14,1
DA:16,1
LF:9
LH:9
BRF:0
BRH:0
end_of_record
TN:
SF:src/routes/teamRoutes.ts
FNF:0
FNH:0
DA:2,1
DA:7,1
DA:9,1
DA:10,1
DA:12,1
DA:13,1
DA:15,1
LF:7
LH:7
BRF:0
BRH:0
end_of_record
TN:
SF:src/routes/userRoutes.ts
FNF:0
FNH:0
DA:2,1
DA:5,1
DA:6,1
LF:3
LH:3
BRF:0
BRH:0
end_of_record
